<?xml version="1.0" encoding="UTF-8"?>
<robot generator="Robot 4.1.3 (Python 3.10.1 on win32)" generated="20220116 23:15:48.096" rpa="false" schemaversion="2">
<suite id="s1" name="Test" source="D:\Projetos\ProjetosGit\AutomacaoRobotQANinja\test.robot">
<test id="s1-t1" name="Should return welcome message">
<kw name="Welcome" library="app">
<var>${result}</var>
<arg>Noelen</arg>
<msg timestamp="20220116 23:15:48.130" level="INFO">${result} = Olá Noelen,bem vindo ao Curso Básico de Robot Framework!</msg>
<status status="PASS" starttime="20220116 23:15:48.130" endtime="20220116 23:15:48.130"/>
</kw>
<kw name="Log To Console" library="BuiltIn">
<arg>${result}</arg>
<doc>Logs the given message to the console.</doc>
<status status="PASS" starttime="20220116 23:15:48.130" endtime="20220116 23:15:48.133"/>
</kw>
<kw name="Should Be Equal" library="BuiltIn">
<arg>${result}</arg>
<arg>Olá Noelen, bem vindo ao Curso Básico de Robot Framework!</arg>
<doc>Fails if the given objects are unequal.</doc>
<msg timestamp="20220116 23:15:48.134" level="FAIL">Olá Noelen,bem vindo ao Curso Básico de Robot Framework! != Olá Noelen, bem vindo ao Curso Básico de Robot Framework!</msg>
<status status="FAIL" starttime="20220116 23:15:48.133" endtime="20220116 23:15:48.134"/>
</kw>
<status status="FAIL" starttime="20220116 23:15:48.129" endtime="20220116 23:15:48.135">Olá Noelen,bem vindo ao Curso Básico de Robot Framework! != Olá Noelen, bem vindo ao Curso Básico de Robot Framework!</status>
</test>
<status status="FAIL" starttime="20220116 23:15:48.098" endtime="20220116 23:15:48.136"/>
</suite>
<statistics>
<total>
<stat pass="0" fail="1" skip="0">All Tests</stat>
</total>
<tag>
</tag>
<suite>
<stat pass="0" fail="1" skip="0" id="s1" name="Test">Test</stat>
</suite>
</statistics>
<errors>
</errors>
</robot>
