<?xml version="1.0" encoding="UTF-8"?>
<robot generator="Robot 4.1.3 (Python 3.10.1 on win32)" generated="20220116 23:44:26.795" rpa="false" schemaversion="2">
<suite id="s1" name="Title" source="D:\Projetos\ProjetosGit\AutomacaoRobotQANinja\web\title.robot">
<test id="s1-t1" name="Should valid page title">
<kw name="Open Browser" library="SeleniumLibrary">
<arg>http://training-wheels-protocol.herokuapp.com/</arg>
<arg>chrome</arg>
<doc>Opens a new browser instance to the optional ``url``.</doc>
<msg timestamp="20220116 23:44:27.059" level="INFO">Opening browser 'chrome' to base url 'http://training-wheels-protocol.herokuapp.com/'.</msg>
<status status="PASS" starttime="20220116 23:44:27.059" endtime="20220116 23:44:30.050"/>
</kw>
<kw name="Title Should Be" library="SeleniumLibrary">
<arg>Training Wheels Protocol</arg>
<doc>Verifies that the current page title equals ``title``.</doc>
<msg timestamp="20220116 23:44:30.054" level="INFO">Page title is 'Training Wheels Protocol'.</msg>
<status status="PASS" starttime="20220116 23:44:30.050" endtime="20220116 23:44:30.054"/>
</kw>
<kw name="Close Browser" library="SeleniumLibrary">
<doc>Closes the current browser.</doc>
<status status="PASS" starttime="20220116 23:44:30.055" endtime="20220116 23:44:32.194"/>
</kw>
<status status="PASS" starttime="20220116 23:44:27.058" endtime="20220116 23:44:32.195"/>
</test>
<status status="PASS" starttime="20220116 23:44:26.797" endtime="20220116 23:44:32.198"/>
</suite>
<statistics>
<total>
<stat pass="1" fail="0" skip="0">All Tests</stat>
</total>
<tag>
</tag>
<suite>
<stat pass="1" fail="0" skip="0" id="s1" name="Title">Title</stat>
</suite>
</statistics>
<errors>
</errors>
</robot>
